170207 01:36:48 mysqld_safe Starting mysqld daemon with databases from /var/lib/mysql
170207  1:36:48 [Note] /usr/libexec/mysqld (mysqld 5.5.52-MariaDB) starting as process 183 ...
170207  1:36:48 InnoDB: The InnoDB memory heap is disabled
170207  1:36:48 InnoDB: Mutexes and rw_locks use GCC atomic builtins
170207  1:36:48 InnoDB: Compressed tables use zlib 1.2.7
170207  1:36:48 InnoDB: Using Linux native AIO
170207  1:36:48 InnoDB: Initializing buffer pool, size = 128.0M
170207  1:36:48 InnoDB: Completed initialization of buffer pool
InnoDB: The first specified data file ./ibdata1 did not exist:
InnoDB: a new database to be created!
170207  1:36:48  InnoDB: Setting file ./ibdata1 size to 10 MB
InnoDB: Database physically writes the file full: wait...
170207  1:36:48  InnoDB: Log file ./ib_logfile0 did not exist: new to be created
InnoDB: Setting log file ./ib_logfile0 size to 5 MB
InnoDB: Database physically writes the file full: wait...
170207  1:36:48  InnoDB: Log file ./ib_logfile1 did not exist: new to be created
InnoDB: Setting log file ./ib_logfile1 size to 5 MB
InnoDB: Database physically writes the file full: wait...
InnoDB: Doublewrite buffer not found: creating new
InnoDB: Doublewrite buffer created
InnoDB: 127 rollback segment(s) active.
InnoDB: Creating foreign key constraint system tables
InnoDB: Foreign key constraint system tables created
170207  1:36:48  InnoDB: Waiting for the background threads to start
170207  1:36:49 Percona XtraDB (http://www.percona.com) 5.5.49-MariaDB-38.0 started; log sequence number 0
170207  1:36:49 [Note] Plugin 'FEEDBACK' is disabled.
170207  1:36:49 [Note] Server socket created on IP: '0.0.0.0'.
170207  1:36:49 [Note] Event Scheduler: Loaded 0 events
170207  1:36:49 [Note] /usr/libexec/mysqld: ready for connections.
Version: '5.5.52-MariaDB'  socket: '/var/lib/mysql/mysql.sock'  port: 3306  MariaDB Server
170207  1:36:49 [Note] /usr/libexec/mysqld: Normal shutdown

170207  1:36:49 [Note] Event Scheduler: Purging the queue. 0 events
170207  1:36:49  InnoDB: Starting shutdown...
170207  1:36:50  InnoDB: Shutdown completed; log sequence number 1600997
170207  1:36:50 [Note] /usr/libexec/mysqld: Shutdown complete

170207 01:36:50 mysqld_safe mysqld from pid file /var/run/mariadb/mariadb.pid ended
170207 01:40:20 mysqld_safe Starting mysqld daemon with databases from /var/lib/mysql
170207  1:40:20 [Note] /usr/libexec/mysqld (mysqld 5.5.52-MariaDB) starting as process 186 ...
170207  1:40:20 InnoDB: The InnoDB memory heap is disabled
170207  1:40:20 InnoDB: Mutexes and rw_locks use GCC atomic builtins
170207  1:40:20 InnoDB: Compressed tables use zlib 1.2.7
170207  1:40:20 InnoDB: Using Linux native AIO
170207  1:40:20 InnoDB: Initializing buffer pool, size = 128.0M
170207  1:40:20 InnoDB: Completed initialization of buffer pool
170207  1:40:20  InnoDB: Operating system error number 13 in a file operation.
InnoDB: The error means mysqld does not have the access rights to
InnoDB: the directory.
InnoDB: File name ./ibdata1
InnoDB: File operation call: 'create'.
InnoDB: Cannot continue operation.
170207 01:40:20 mysqld_safe mysqld from pid file /var/run/mariadb/mariadb.pid ended
